Process Process-932:
Traceback (most recent call last):
  File "/usr/lib/python2.7/multiprocessing/process.py", line 258, in _bootstrap
    self.run()
  File "/usr/lib/python2.7/multiprocessing/process.py", line 114, in run
    self._target(*self._args, **self._kwargs)
  File "predictit.py", line 40, in run_one_state
    add_record_StateElectoralCollege_table(val)
  File "/home/pi/Desktop/election_prediction/predict_scraper/database.py", line 28, in add_record_StateElectoralCollege_table
    'VALUES (?,?,?,?)', values)
OperationalError: database is locked
Process Process-939:
Traceback (most recent call last):
  File "/usr/lib/python2.7/multiprocessing/process.py", line 258, in _bootstrap
    self.run()
  File "/usr/lib/python2.7/multiprocessing/process.py", line 114, in run
    self._target(*self._args, **self._kwargs)
  File "predictit.py", line 40, in run_one_state
    add_record_StateElectoralCollege_table(val)
  File "/home/pi/Desktop/election_prediction/predict_scraper/database.py", line 28, in add_record_StateElectoralCollege_table
    'VALUES (?,?,?,?)', values)
OperationalError: database is locked
Process Process-945:
Traceback (most recent call last):
  File "/usr/lib/python2.7/multiprocessing/process.py", line 258, in _bootstrap
    self.run()
  File "/usr/lib/python2.7/multiprocessing/process.py", line 114, in run
    self._target(*self._args, **self._kwargs)
  File "predictit.py", line 40, in run_one_state
    add_record_StateElectoralCollege_table(val)
  File "/home/pi/Desktop/election_prediction/predict_scraper/database.py", line 28, in add_record_StateElectoralCollege_table
    'VALUES (?,?,?,?)', values)
OperationalError: database is locked
Process Process-938:
Traceback (most recent call last):
  File "/usr/lib/python2.7/multiprocessing/process.py", line 258, in _bootstrap
    self.run()
  File "/usr/lib/python2.7/multiprocessing/process.py", line 114, in run
    self._target(*self._args, **self._kwargs)
  File "predictit.py", line 40, in run_one_state
    add_record_StateElectoralCollege_table(val)
  File "/home/pi/Desktop/election_prediction/predict_scraper/database.py", line 28, in add_record_StateElectoralCollege_table
    'VALUES (?,?,?,?)', values)
OperationalError: database is locked
sudo: pythonpredictit.py: command not found
